(ld): halt 4
(ld): setopt strip 
(ld): setopt member 
(ld): savename bblddpin
(ld): filelist 35 8
(ld): i bbl_diag.o
(ld): i bbl_dmp.o
(ld): i bbl_err.o
(ld): i bbl_memtrc.o
(ld): i bbl_trace.o
(ld): i bbl_intr.o
(ld): i bbl_vttcfl.o
(ld): i bbl_vttclr.o
(ld): i bbl_vttcpl.o
(ld): i bbl_vttdefc.o
(ld): i bbl_vttmovc.o
(ld): i bbl_vttrds.o
(ld): i bbl_vttscr.o
(ld): i bbl_vttsetm.o
(ld): i bbl_vttstct.o
(ld): i bbl_vttsubrs.o
(ld): i bbl_vtttext.o
(ld): i bbl_hw_init.o
(ld): i bbl_vttact.o
(ld): i bbl_vttdact.o
(ld): i bbl_vttinit.o
(ld): i bbl_vttterm.o
(ld): i load_color_table.o
(ld): i setup_CRTC.o
(ld): i bbl_blt.o
(ld): i bbl_wat.o
(ld): i bbl_mbx.o
(ld): i bbl_vttpwrphase.o
(ld): i bbl_cfg_60x.o
(ld): i bbl_watch.o
(ld): i bbl_pm.o
(ld): i bbl_cfg_pci.o
(ld): i /aix/V4/rsc/41J/export/power/kernel/lib/libsys.a
(ld): i /aix/V4/rsc/41J/export/power/kernel/lib/libsysp.a
(ld): i /aix/V4/rsc/41J/export/power/kernel/lib/libcsys.a
FILELIST: Number of previously inserted files processed: 35
(ld): imports ../../../../../../src/bos/kernext/disp/bbl/bbldd.exp 
IMPORTS: Symbols imported from import file ../../../../../../src/bos/kernext/disp/bbl/bbldd.exp: 1
(ld): imports ../../../../../../src/bos/kernel/exp/sysoverlay.exp 
IMPORTS: Symbols imported from import file ../../../../../../src/bos/kernel/exp/sysoverlay.exp: 7
(ld): imports ../../../../../../src/bos/kernel/exp/kernex.exp 
IMPORTS: Symbols imported from import file ../../../../../../src/bos/kernel/exp/kernex.exp: 514
(ld): imports ../../../../../../src/bos/kernel/exp/syscalls.exp 
IMPORTS: Symbols imported from import file ../../../../../../src/bos/kernel/exp/syscalls.exp: 247
(ld): imports ../../../../../../src/bos/kernel/exp/dead.exp 
IMPORTS: Symbols imported from import file ../../../../../../src/bos/kernel/exp/dead.exp: 5
(ld): imports ../../../../../../src/bos/kernel/exp/streams.exp 
IMPORTS: Symbols imported from import file ../../../../../../src/bos/kernel/exp/streams.exp: 6
(ld): exports ../../../../../../src/bos/kernext/disp/bbl/bblddpin.exp 
EXPORTS: Symbols exported: 48
(ld): noentry
NOENTRY: There is no entry point.
(ld): resolve
ld: 0711-228 WARNING: Duplicate symbols were found while resolving symbols.
	The following duplicates were found:
 Symbol                    Source-File(Object) OR Import-File{Shared-object}
 ------------------------- -------------------------------------------------
 .i_disable                ../../../../../../src/bos/kernel/exp/sysoverlay.exp{}
    ** Duplicate **        ../../../../../../src/bos/kernel/exp/kernex.exp{/unix}
 i_disable                 ../../../../../../src/bos/kernel/exp/sysoverlay.exp{}
    ** Duplicate **        ../../../../../../src/bos/kernel/exp/kernex.exp{/unix}
 .i_enable                 ../../../../../../src/bos/kernel/exp/sysoverlay.exp{}
    ** Duplicate **        ../../../../../../src/bos/kernel/exp/kernex.exp{/unix}
 i_enable                  ../../../../../../src/bos/kernel/exp/sysoverlay.exp{}
    ** Duplicate **        ../../../../../../src/bos/kernel/exp/kernex.exp{/unix}
RESOLVE: 281 of 1467 symbols were kept.
RESOLVE: The return code is 4.
(ld): addgl /aix/V4/rsc/41J/ode_tools/power/usr/lib/glink.o
ADDGL: Glink code added for 33 symbols.
(ld): er full
ER: There are no unresolved symbols.
(ld): mismatch
MISMATCH: No type mismatches exist.
(ld): comprld
COMPRLD: Kept 1183 of 1183 relocation entries.
(ld): origin 0x0 0x0
(ld): save 1L .
SAVE: Section sizes = 50832+5964+1248 (0xC690+0x174C+0x4E0 hex)
SAVE: Size of TOC: 328 (0x148 hex)
SAVE: These object files and archive members were
	used to create the output file:
 bbl_dmp.o
 bbl_err.o
 bbl_memtrc.o
 bbl_intr.o
 bbl_vttcfl.o
 bbl_vttclr.o
 bbl_vttcpl.o
 bbl_vttdefc.o
 bbl_vttmovc.o
 bbl_vttrds.o
 bbl_vttscr.o
 bbl_vttsetm.o
 bbl_vttstct.o
 bbl_vttsubrs.o
 bbl_vtttext.o
 bbl_hw_init.o
 bbl_vttact.o
 bbl_vttdact.o
 bbl_vttinit.o
 bbl_vttterm.o
 load_color_table.o
 setup_CRTC.o
 bbl_blt.o
 bbl_wat.o
 bbl_mbx.o
 bbl_vttpwrphase.o
 bbl_cfg_60x.o
 bbl_watch.o
 bbl_pm.o
 bbl_cfg_pci.o
 /aix/V4/rsc/41J/export/power/kernel/lib/libcsys.a[bzero.o]
 /aix/V4/rsc/41J/export/power/kernel/lib/libcsys.a[moveeq.o]
 /aix/V4/rsc/41J/export/power/kernel/lib/libcsys.a[strcpy.o]
 /aix/V4/rsc/41J/export/power/kernel/lib/libcsys.a[strlen.o]
 /aix/V4/rsc/41J/export/power/kernel/lib/libcsys.a[strncpy.o]
(ld): gen map bblddpin.map
(ld): rc
RC: Highest return code was 4.
