(ld): halt 4
(ld): setopt strip 
(ld): setopt strip 
(ld): setopt member 
(ld): savename giodd
(ld): filelist 5 6
(ld): i giou.o
(ld): i giol.o
(ld): i /aix/V4/rsc/41J/export/power/kernel/lib/libsys.a
(ld): i /aix/V4/rsc/41J/export/power/kernel/lib/libsysp.a
(ld): i /aix/V4/rsc/41J/export/power/kernel/lib/libcsys.a
FILELIST: Number of previously inserted files processed: 5
(ld): imports ../../../../../../src/bos/kernel/exp/sysoverlay.exp 
IMPORTS: Symbols imported from import file ../../../../../../src/bos/kernel/exp/sysoverlay.exp: 7
(ld): imports ../../../../../../src/bos/kernel/exp/kernex.exp 
IMPORTS: Symbols imported from import file ../../../../../../src/bos/kernel/exp/kernex.exp: 514
(ld): imports ../../../../../../src/bos/kernel/exp/syscalls.exp 
IMPORTS: Symbols imported from import file ../../../../../../src/bos/kernel/exp/syscalls.exp: 247
(ld): imports ../../../../../../src/bos/kernel/exp/dead.exp 
IMPORTS: Symbols imported from import file ../../../../../../src/bos/kernel/exp/dead.exp: 5
(ld): imports ../../../../../../src/bos/kernel/exp/streams.exp 
IMPORTS: Symbols imported from import file ../../../../../../src/bos/kernel/exp/streams.exp: 6
(ld): entry gio_config
ENTRY: Entry point set to gio_config
(ld): resolve
ld: 0711-228 WARNING: Duplicate symbols were found while resolving symbols.
	The following duplicates were found:
 Symbol                    Source-File(Object) OR Import-File{Shared-object}
 ------------------------- -------------------------------------------------
 .i_disable                ../../../../../../src/bos/kernel/exp/sysoverlay.exp{}
    ** Duplicate **        ../../../../../../src/bos/kernel/exp/kernex.exp{/unix}
 i_disable                 ../../../../../../src/bos/kernel/exp/sysoverlay.exp{}
    ** Duplicate **        ../../../../../../src/bos/kernel/exp/kernex.exp{/unix}
 .i_enable                 ../../../../../../src/bos/kernel/exp/sysoverlay.exp{}
    ** Duplicate **        ../../../../../../src/bos/kernel/exp/kernex.exp{/unix}
 i_enable                  ../../../../../../src/bos/kernel/exp/sysoverlay.exp{}
    ** Duplicate **        ../../../../../../src/bos/kernel/exp/kernex.exp{/unix}
RESOLVE: 163 of 1122 symbols were kept.
RESOLVE: The return code is 4.
(ld): addgl /aix/V4/rsc/41J/ode_tools/power/usr/lib/glink.o
ADDGL: Glink code added for 46 symbols.
(ld): er full
ER: There are no unresolved symbols.
(ld): mismatch
MISMATCH: No type mismatches exist.
(ld): comprld
COMPRLD: Kept 507 of 507 relocation entries.
(ld): origin 0x0 0x0
(ld): save 1L .
SAVE: Section sizes = 19124+872+76 (0x4AB4+0x368+0x4C hex)
SAVE: Size of TOC: 268 (0x10C hex)
SAVE: These object files and archive members were
	used to create the output file:
 giou.o
 giol.o
 /aix/V4/rsc/41J/export/power/kernel/lib/libcsys.a[ptrgl.o]
 /aix/V4/rsc/41J/export/power/kernel/lib/libcsys.a[bzero.o]
 /aix/V4/rsc/41J/export/power/kernel/lib/libcsys.a[moveeq.o]
(ld): gen map giodd.map
(ld): rc
RC: Highest return code was 4.
