# @(#)42	1.2  src/bos/usr/bin/setmaps/ibm3164-german.out, cmdtty, bos411, 9428A410j 9/5/91 19:28:32

# COMPONENT_NAME: CMDTTY terminal control commands
#
# FUNCTIONS: setmaps .in file for ibm3164 with german keyboard and cartridge
#
# ORIGINS: 27
#
# (C) COPYRIGHT International Business Machines Corp. 1988, 1989
# All Rights Reserved
# Licensed Materials - Property of IBM
#
# US Government Users Restricted Rights - Use, duplication or
# disclosure restricted by GSA ADP Schedule Contract with IBM Corp.

#
# Any characters which the 3164 can no represent are mapeed to "-".
#
\x40:\xa7
\x5b:\xc4
\x5c:\xd6
\x5d:\xdc
\x7b:\xe4
\x7c:\xf6
\x7d:\xfc
\x7e:\xdf
\x7f:\x2d
\x80:\x2d
\x81:\x7d
\x82:\xe9
\x83:\xe2
\x84:\x7b
\x85:\xe0
\x86:\x2d
\x87:\x2d
\x88:\x2d
\x89:\x2d
\x8a:\x2d
\x8b:\x2d
\x8c:\x2d
\x8d:\x2d
\x8e:\x5b
\x8f:\x2d
\x90:\xc9
\x91:\x2d
\x92:\x2d
\x93:\xf4
\x94:\x7c
\x95:\x2d
\x96:\x2d
\x97:\x2d
\x98:\x2d
\x99:\x5c
\x9a:\x5d
\x9b:\x2d
\x9c:\x2d
\x9d:\x2d
\x9e:\x2d
\x9f:\x2d
\xb6:\xc2
\xb7:\xc0
\xe1:\x7e
\xe2:\xd4
\xe6:\xb5
\xef:\xb4
\xf5:\x40
\xf8:\xb0
\xfa:\xd0
\xfc:\xb3
\xfd:\xb2
\xff:\x2d
\x1b\x3e\x41:@1\x1b\x3e\x41
\x1b\x3e\x43:@1\x1b\x3e\x43
\x1b\x3e\x42:@0\x1b\x3e\x42
\x1b\x59??:\x1b\x59$3$4
\x1b\x34?:\x1b\x34$3
\x1b\x3c?:\x1b\x3c$3
@1\x1b\x3e\x41:@1\x1b\x3e\x41
@1\x1b\x3e\x43:@1\x1b\x3e\x43
@1\x1b\x3e\x42:@0\x1b\x3e\x42
@1\x1b\x59??:\x1b\x59$3$4
@1\x1b\x34?:\x1b\x34$3
@1\x1b\x3c?:\x1b\x3c$3
@1?:$1
