# @(#)00	1.4  src/bos/usr/bin/setmaps/vt220.out, cmdtty, bos411, 9428A410j 3/4/91 15:25:54

# COMPONENT_NAME: CMDTTY terminal control commands
#
# FUNCTIONS: setmaps .out file for vt220
#
# ORIGINS: 27
#
# (C) COPYRIGHT International Business Machines Corp. 1988, 1989
# All Rights Reserved
# Licensed Materials - Property of IBM
#
# US Government Users Restricted Rights - Use, duplication or
# disclosure restricted by GSA ADP Schedule Contract with IBM Corp.

\x1d\xd2:\xf7
\x1d\xd3:\xd7
\x1d\xe6:\xdd
\x80:\xc7
\x81:\xfc
\x82:\xe9
\x83:\xe2
\x84:\xe4
\x85:\xe0
\x86:\xe5
\x87:\xe7
\x88:\xea
\x89:\xeb
\x8a:\xe8
\x8b:\xef
\x8c:\xee
\x8d:\xec
\x8e:\xc4
\x8f:\xc5
\x90:\xc9
\x91:\xe6
\x92:\xc6
\x93:\xf4
\x94:\xf6
\x95:\xf2
\x96:\xfb
\x97:\xf9
\x98:\xfd
\x99:\xd6
\x9a:\xdc
\x9b:\xf8
\x9c:\xa3
\x9d:\xd8
\x9e:\x2d
\x9f:\x2d
\xa0:\xe1
\xa1:\xed
\xa2:\xf3
\xa3:\xfa
\xa4:\xf1
\xa5:\xd1
\xa6:\xaa
\xa7:\xba
\xa8:\xbf
\xa9:\x2d
\xaa:\x2d
\xab:\xbd
\xac:\xbc
\xad:\xa1
\xae:\xab
\xaf:\xbb
\xb0:\x2d
\xb1:\x2d
\xb2:\x2d
\xb3:\x2d
\xb4:\x2d
\xb5:\xc1
\xb6:\xc2
\xb7:\xc0
\xb8:\xa9
\xb9:\x2d
\xba:\x2d
\xbb:\x2d
\xbc:\x2d
\xbd:\xa2
\xbe:\xa5
\xbf:\x2d
\xc0:\x2d
\xc1:\x2d
\xc2:\x2d
\xc3:\x2d
\xc4:\x2d
\xc5:\x2d
\xc6:\xe3
\xc7:\xc3
\xc8:\x2d
\xc9:\x2d
\xca:\x2d
\xcb:\x2d
\xcc:\x2d
\xcd:\x2d
\xce:\x2d
\xcf:\xa8
\xd0:\x2d
\xd1:\x2d
\xd2:\xca
\xd3:\xcb
\xd4:\xc8
\xd5:\x2d
\xd6:\xcd
\xd7:\xce
\xd8:\xcf
\xd9:\x2d
\xda:\x2d
\xdb:\x2d
\xdc:\x2d
\xdd:\x2d
\xde:\xcc
\xdf:\x2d
\xe0:\xd3
\xe1:\xdf
\xe2:\xd4
\xe3:\xd2
\xe4:\xf5
\xe5:\xd5
\xe6:\xb5
\xe7:\x2d
\xe8:\x2d
\xe9:\xda
\xea:\xdb
\xeb:\xd9
\xec:\x2d
\xed:\x2d
\xee:\x2d
\xef:\x27
\xf0:\x2d
\xf1:\xb1
\xf2:\x2d
\xf3:\x2d
\xf4:\xb6
\xf5:\xa7
\xf6:\x2d
\xf7:\x2d
\xf8:\xb0
\xf9:\x2d
\xfa:\xb7
\xfb:\xb9
\xfc:\xb3
\xfd:\xb2
\xfe:\x2d
\x1b\x29\x41:@1
\x1b\x29\x42:@1
\x1b\x29\x3c@1:@0
?@1:$1
